# JRE version: Java(TM) SE Runtime Environment (8.0_45-b15) (build 1.8.0_45-b15)
# Java VM: Java HotSpot(TM) 64-Bit Server VM (25.45-b02 mixed mode windows-amd64 compressed oops)
Heap:
 PSYoungGen      total 52736K, used 13054K [0x00000000eab00000, 0x00000000ef300000, 0x0000000100000000)
  eden space 46592K, 15% used [0x00000000eab00000,0x00000000eb246800,0x00000000ed880000)
  from space 6144K, 91% used [0x00000000ed880000,0x00000000eddf9018,0x00000000ede80000)
  to   space 7168K, 0% used [0x00000000eec00000,0x00000000eec00000,0x00000000ef300000)
 ParOldGen       total 32768K, used 27446K [0x00000000c0000000, 0x00000000c2000000, 0x00000000eab00000)
  object space 32768K, 83% used [0x00000000c0000000,0x00000000c1acdaa0,0x00000000c2000000)
 Metaspace       used 45611K, capacity 46450K, committed 46720K, reserved 1089536K
  class space    used 6272K, capacity 6450K, committed 6528K, reserved 1048576K
GC Heap History (10 events):
Event: 507.696 GC heap before
{Heap before GC invocations=25 (full 2):
 PSYoungGen      total 32256K, used 27136K [0x00000000eab00000, 0x00000000ed400000, 0x0000000100000000)
  eden space 27136K, 100% used [0x00000000eab00000,0x00000000ec580000,0x00000000ec580000)
  from space 5120K, 0% used [0x00000000eca80000,0x00000000eca80000,0x00000000ecf80000)
  to   space 5120K, 0% used [0x00000000ec580000,0x00000000ec580000,0x00000000eca80000)
 ParOldGen       total 32768K, used 15426K [0x00000000c0000000, 0x00000000c2000000, 0x00000000eab00000)
  object space 32768K, 47% used [0x00000000c0000000,0x00000000c0f10b50,0x00000000c2000000)
 Metaspace       used 36090K, capacity 36638K, committed 36736K, reserved 1081344K
  class space    used 4799K, capacity 4967K, committed 4992K, reserved 1048576K
Event: 514.458 GC heap after
Heap after GC invocations=25 (full 2):
 PSYoungGen      total 32256K, used 4143K [0x00000000eab00000, 0x00000000eda80000, 0x0000000100000000)
  eden space 27136K, 0% used [0x00000000eab00000,0x00000000eab00000,0x00000000ec580000)
  from space 5120K, 80% used [0x00000000ec580000,0x00000000ec98bc00,0x00000000eca80000)
  to   space 5632K, 0% used [0x00000000ed500000,0x00000000ed500000,0x00000000eda80000)
 ParOldGen       total 32768K, used 15434K [0x00000000c0000000, 0x00000000c2000000, 0x00000000eab00000)
  object space 32768K, 47% used [0x00000000c0000000,0x00000000c0f12b50,0x00000000c2000000)
 Metaspace       used 36090K, capacity 36638K, committed 36736K, reserved 1081344K
  class space    used 4799K, capacity 4967K, committed 4992K, reserved 1048576K
}
Event: 749.086 GC heap before
{Heap before GC invocations=26 (full 2):
 PSYoungGen      total 32256K, used 31279K [0x00000000eab00000, 0x00000000eda80000, 0x0000000100000000)
  eden space 27136K, 100% used [0x00000000eab00000,0x00000000ec580000,0x00000000ec580000)
  from space 5120K, 80% used [0x00000000ec580000,0x00000000ec98bc00,0x00000000eca80000)
  to   space 5632K, 0% used [0x00000000ed500000,0x00000000ed500000,0x00000000eda80000)
 ParOldGen       total 32768K, used 15434K [0x00000000c0000000, 0x00000000c2000000, 0x00000000eab00000)
  object space 32768K, 47% used [0x00000000c0000000,0x00000000c0f12b50,0x00000000c2000000)
 Metaspace       used 40610K, capacity 41318K, committed 41600K, reserved 1085440K
  class space    used 5461K, capacity 5658K, committed 5760K, reserved 1048576K
Event: 751.750 GC heap after
Heap after GC invocations=26 (full 2):
 PSYoungGen      total 43008K, used 3212K [0x00000000eab00000, 0x00000000eda80000, 0x0000000100000000)
  eden space 37376K, 0% used [0x00000000eab00000,0x00000000eab00000,0x00000000ecf80000)
  from space 5632K, 57% used [0x00000000ed500000,0x00000000ed823010,0x00000000eda80000)
  to   space 5632K, 0% used [0x00000000ecf80000,0x00000000ecf80000,0x00000000ed500000)
 ParOldGen       total 32768K, used 19021K [0x00000000c0000000, 0x00000000c2000000, 0x00000000eab00000)
  object space 32768K, 58% used [0x00000000c0000000,0x00000000c1293608,0x00000000c2000000)
 Metaspace       used 40610K, capacity 41318K, committed 41600K, reserved 1085440K
  class space    used 5461K, capacity 5658K, committed 5760K, reserved 1048576K
}
Event: 923.275 GC heap before
{Heap before GC invocations=27 (full 2):
 PSYoungGen      total 43008K, used 40588K [0x00000000eab00000, 0x00000000eda80000, 0x0000000100000000)
  eden space 37376K, 100% used [0x00000000eab00000,0x00000000ecf80000,0x00000000ecf80000)
  from space 5632K, 57% used [0x00000000ed500000,0x00000000ed823010,0x00000000eda80000)
  to   space 5632K, 0% used [0x00000000ecf80000,0x00000000ecf80000,0x00000000ed500000)
 ParOldGen       total 32768K, used 19021K [0x00000000c0000000, 0x00000000c2000000, 0x00000000eab00000)
  object space 32768K, 58% used [0x00000000c0000000,0x00000000c1293608,0x00000000c2000000)
 Metaspace       used 42246K, capacity 42974K, committed 43264K, reserved 1087488K
  class space    used 5705K, capacity 5886K, committed 5888K, reserved 1048576K
Event: 923.712 GC heap after
Heap after GC invocations=27 (full 2):
 PSYoungGen      total 43008K, used 4009K [0x00000000eab00000, 0x00000000ee400000, 0x0000000100000000)
  eden space 37376K, 0% used [0x00000000eab00000,0x00000000eab00000,0x00000000ecf80000)
  from space 5632K, 71% used [0x00000000ecf80000,0x00000000ed36a788,0x00000000ed500000)
  to   space 5632K, 0% used [0x00000000ede80000,0x00000000ede80000,0x00000000ee400000)
 ParOldGen       total 32768K, used 21197K [0x00000000c0000000, 0x00000000c2000000, 0x00000000eab00000)
  object space 32768K, 64% used [0x00000000c0000000,0x00000000c14b37f0,0x00000000c2000000)
 Metaspace       used 42246K, capacity 42974K, committed 43264K, reserved 1087488K
  class space    used 5705K, capacity 5886K, committed 5888K, reserved 1048576K
}
Event: 938.341 GC heap before
{Heap before GC invocations=28 (full 2):
 PSYoungGen      total 43008K, used 41385K [0x00000000eab00000, 0x00000000ee400000, 0x0000000100000000)
  eden space 37376K, 100% used [0x00000000eab00000,0x00000000ecf80000,0x00000000ecf80000)
  from space 5632K, 71% used [0x00000000ecf80000,0x00000000ed36a788,0x00000000ed500000)
  to   space 5632K, 0% used [0x00000000ede80000,0x00000000ede80000,0x00000000ee400000)
 ParOldGen       total 32768K, used 21197K [0x00000000c0000000, 0x00000000c2000000, 0x00000000eab00000)
  object space 32768K, 64% used [0x00000000c0000000,0x00000000c14b37f0,0x00000000c2000000)
 Metaspace       used 43352K, capacity 44108K, committed 44288K, reserved 1087488K
  class space    used 5903K, capacity 6107K, committed 6144K, reserved 1048576K
Event: 938.618 GC heap after
Heap after GC invocations=28 (full 2):
 PSYoungGen      total 52224K, used 4787K [0x00000000eab00000, 0x00000000ee580000, 0x0000000100000000)
  eden space 46592K, 0% used [0x00000000eab00000,0x00000000eab00000,0x00000000ed880000)
  from space 5632K, 84% used [0x00000000ede80000,0x00000000ee32cc20,0x00000000ee400000)
  to   space 6144K, 0% used [0x00000000ed880000,0x00000000ed880000,0x00000000ede80000)
 ParOldGen       total 32768K, used 23294K [0x00000000c0000000, 0x00000000c2000000, 0x00000000eab00000)
  object space 32768K, 71% used [0x00000000c0000000,0x00000000c16bfa00,0x00000000c2000000)
 Metaspace       used 43352K, capacity 44108K, committed 44288K, reserved 1087488K
  class space    used 5903K, capacity 6107K, committed 6144K, reserved 1048576K
}
Event: 1004.698 GC heap before
{Heap before GC invocations=29 (full 2):
 PSYoungGen      total 52224K, used 51379K [0x00000000eab00000, 0x00000000ee580000, 0x0000000100000000)
  eden space 46592K, 100% used [0x00000000eab00000,0x00000000ed880000,0x00000000ed880000)
  from space 5632K, 84% used [0x00000000ede80000,0x00000000ee32cc20,0x00000000ee400000)
  to   space 6144K, 0% used [0x00000000ed880000,0x00000000ed880000,0x00000000ede80000)
 ParOldGen       total 32768K, used 23294K [0x00000000c0000000, 0x00000000c2000000, 0x00000000eab00000)
  object space 32768K, 71% used [0x00000000c0000000,0x00000000c16bfa00,0x00000000c2000000)
 Metaspace       used 45505K, capacity 46338K, committed 46464K, reserved 1089536K
  class space    used 6253K, capacity 6435K, committed 6528K, reserved 1048576K
Event: 1005.484 GC heap after
Heap after GC invocations=29 (full 2):
 PSYoungGen      total 52736K, used 5604K [0x00000000eab00000, 0x00000000ef300000, 0x0000000100000000)
  eden space 46592K, 0% used [0x00000000eab00000,0x00000000eab00000,0x00000000ed880000)
  from space 6144K, 91% used [0x00000000ed880000,0x00000000eddf9018,0x00000000ede80000)
  to   space 7168K, 0% used [0x00000000eec00000,0x00000000eec00000,0x00000000ef300000)
 ParOldGen       total 32768K, used 27446K [0x00000000c0000000, 0x00000000c2000000, 0x00000000eab00000)
  object space 32768K, 83% used [0x00000000c0000000,0x00000000c1acdaa0,0x00000000c2000000)
 Metaspace       used 45505K, capacity 46338K, committed 46464K, reserved 1089536K
  class space    used 6253K, capacity 6435K, committed 6528K, reserved 1048576K
}

