# JRE version: Java(TM) SE Runtime Environment (8.0_45-b15) (build 1.8.0_45-b15)
# Java VM: Java HotSpot(TM) 64-Bit Server VM (25.45-b02 mixed mode windows-amd64 compressed oops)
Heap:
 PSYoungGen      total 74752K, used 43700K [0x00000000eab00000, 0x00000000f2000000, 0x0000000100000000)
  eden space 41472K, 32% used [0x00000000eab00000,0x00000000eb83d118,0x00000000ed380000)
  from space 33280K, 90% used [0x00000000ef780000,0x00000000f14f01a0,0x00000000f1800000)
  to   space 36864K, 0% used [0x00000000ed380000,0x00000000ed380000,0x00000000ef780000)
 ParOldGen       total 86016K, used 47008K [0x00000000c0000000, 0x00000000c5400000, 0x00000000eab00000)
  object space 86016K, 54% used [0x00000000c0000000,0x00000000c2de8008,0x00000000c5400000)
 Metaspace       used 6776K, capacity 7544K, committed 7680K, reserved 1056768K
  class space    used 634K, capacity 688K, committed 768K, reserved 1048576K
GC Heap History (10 events):
Event: 13.293 GC heap before
{Heap before GC invocations=4 (full 1):
 PSYoungGen      total 26112K, used 1515K [0x00000000eab00000, 0x00000000ede00000, 0x0000000100000000)
  eden space 24576K, 0% used [0x00000000eab00000,0x00000000eab00000,0x00000000ec300000)
  from space 1536K, 98% used [0x00000000ec300000,0x00000000ec47ae30,0x00000000ec480000)
  to   space 1536K, 0% used [0x00000000edc80000,0x00000000edc80000,0x00000000ede00000)
 ParOldGen       total 31744K, used 18685K [0x00000000c0000000, 0x00000000c1f00000, 0x00000000eab00000)
  object space 31744K, 58% used [0x00000000c0000000,0x00000000c123f740,0x00000000c1f00000)
 Metaspace       used 5801K, capacity 6832K, committed 7040K, reserved 1056768K
  class space    used 581K, capacity 616K, committed 640K, reserved 1048576K
Event: 18.137 GC heap after
Heap after GC invocations=4 (full 1):
 PSYoungGen      total 26112K, used 0K [0x00000000eab00000, 0x00000000ede00000, 0x0000000100000000)
  eden space 24576K, 0% used [0x00000000eab00000,0x00000000eab00000,0x00000000ec300000)
  from space 1536K, 0% used [0x00000000ec300000,0x00000000ec300000,0x00000000ec480000)
  to   space 1536K, 0% used [0x00000000edc80000,0x00000000edc80000,0x00000000ede00000)
 ParOldGen       total 51200K, used 18783K [0x00000000c0000000, 0x00000000c3200000, 0x00000000eab00000)
  object space 51200K, 36% used [0x00000000c0000000,0x00000000c1257dd0,0x00000000c3200000)
 Metaspace       used 5801K, capacity 6832K, committed 7040K, reserved 1056768K
  class space    used 581K, capacity 616K, committed 640K, reserved 1048576K
}
Event: 19.492 GC heap before
{Heap before GC invocations=5 (full 1):
 PSYoungGen      total 26112K, used 24576K [0x00000000eab00000, 0x00000000ede00000, 0x0000000100000000)
  eden space 24576K, 100% used [0x00000000eab00000,0x00000000ec300000,0x00000000ec300000)
  from space 1536K, 0% used [0x00000000ec300000,0x00000000ec300000,0x00000000ec480000)
  to   space 1536K, 0% used [0x00000000edc80000,0x00000000edc80000,0x00000000ede00000)
 ParOldGen       total 51200K, used 18783K [0x00000000c0000000, 0x00000000c3200000, 0x00000000eab00000)
  object space 51200K, 36% used [0x00000000c0000000,0x00000000c1257dd0,0x00000000c3200000)
 Metaspace       used 5809K, capacity 6832K, committed 7040K, reserved 1056768K
  class space    used 581K, capacity 616K, committed 640K, reserved 1048576K
Event: 19.533 GC heap after
Heap after GC invocations=5 (full 1):
 PSYoungGen      total 37888K, used 1536K [0x00000000eab00000, 0x00000000ede00000, 0x0000000100000000)
  eden space 36352K, 0% used [0x00000000eab00000,0x00000000eab00000,0x00000000ece80000)
  from space 1536K, 100% used [0x00000000edc80000,0x00000000ede00000,0x00000000ede00000)
  to   space 1536K, 0% used [0x00000000edb00000,0x00000000edb00000,0x00000000edc80000)
 ParOldGen       total 51200K, used 29614K [0x00000000c0000000, 0x00000000c3200000, 0x00000000eab00000)
  object space 51200K, 57% used [0x00000000c0000000,0x00000000c1ceb870,0x00000000c3200000)
 Metaspace       used 5809K, capacity 6832K, committed 7040K, reserved 1056768K
  class space    used 581K, capacity 616K, committed 640K, reserved 1048576K
}
Event: 21.848 GC heap before
{Heap before GC invocations=6 (full 1):
 PSYoungGen      total 37888K, used 37888K [0x00000000eab00000, 0x00000000ede00000, 0x0000000100000000)
  eden space 36352K, 100% used [0x00000000eab00000,0x00000000ece80000,0x00000000ece80000)
  from space 1536K, 100% used [0x00000000edc80000,0x00000000ede00000,0x00000000ede00000)
  to   space 1536K, 0% used [0x00000000edb00000,0x00000000edb00000,0x00000000edc80000)
 ParOldGen       total 51200K, used 29614K [0x00000000c0000000, 0x00000000c3200000, 0x00000000eab00000)
  object space 51200K, 57% used [0x00000000c0000000,0x00000000c1ceb870,0x00000000c3200000)
 Metaspace       used 5843K, capacity 6896K, committed 7040K, reserved 1056768K
  class space    used 583K, capacity 616K, committed 640K, reserved 1048576K
Event: 21.996 GC heap after
Heap after GC invocations=6 (full 1):
 PSYoungGen      total 50688K, used 1536K [0x00000000eab00000, 0x00000000f0380000, 0x0000000100000000)
  eden space 49152K, 0% used [0x00000000eab00000,0x00000000eab00000,0x00000000edb00000)
  from space 1536K, 100% used [0x00000000edb00000,0x00000000edc80000,0x00000000edc80000)
  to   space 19456K, 0% used [0x00000000ef080000,0x00000000ef080000,0x00000000f0380000)
 ParOldGen       total 51200K, used 42076K [0x00000000c0000000, 0x00000000c3200000, 0x00000000eab00000)
  object space 51200K, 82% used [0x00000000c0000000,0x00000000c29172c0,0x00000000c3200000)
 Metaspace       used 5843K, capacity 6896K, committed 7040K, reserved 1056768K
  class space    used 583K, capacity 616K, committed 640K, reserved 1048576K
}
Event: 21.996 GC heap before
{Heap before GC invocations=7 (full 2):
 PSYoungGen      total 50688K, used 1536K [0x00000000eab00000, 0x00000000f0380000, 0x0000000100000000)
  eden space 49152K, 0% used [0x00000000eab00000,0x00000000eab00000,0x00000000edb00000)
  from space 1536K, 100% used [0x00000000edb00000,0x00000000edc80000,0x00000000edc80000)
  to   space 19456K, 0% used [0x00000000ef080000,0x00000000ef080000,0x00000000f0380000)
 ParOldGen       total 51200K, used 42076K [0x00000000c0000000, 0x00000000c3200000, 0x00000000eab00000)
  object space 51200K, 82% used [0x00000000c0000000,0x00000000c29172c0,0x00000000c3200000)
 Metaspace       used 5843K, capacity 6896K, committed 7040K, reserved 1056768K
  class space    used 583K, capacity 616K, committed 640K, reserved 1048576K
Event: 27.780 GC heap after
Heap after GC invocations=7 (full 2):
 PSYoungGen      total 50688K, used 0K [0x00000000eab00000, 0x00000000f0380000, 0x0000000100000000)
  eden space 49152K, 0% used [0x00000000eab00000,0x00000000eab00000,0x00000000edb00000)
  from space 1536K, 0% used [0x00000000edb00000,0x00000000edb00000,0x00000000edc80000)
  to   space 19456K, 0% used [0x00000000ef080000,0x00000000ef080000,0x00000000f0380000)
 ParOldGen       total 86016K, used 36757K [0x00000000c0000000, 0x00000000c5400000, 0x00000000eab00000)
  object space 86016K, 42% used [0x00000000c0000000,0x00000000c23e56a0,0x00000000c5400000)
 Metaspace       used 5843K, capacity 6896K, committed 7040K, reserved 1056768K
  class space    used 583K, capacity 616K, committed 640K, reserved 1048576K
}
Event: 35.040 GC heap before
{Heap before GC invocations=8 (full 2):
 PSYoungGen      total 50688K, used 49152K [0x00000000eab00000, 0x00000000f0380000, 0x0000000100000000)
  eden space 49152K, 100% used [0x00000000eab00000,0x00000000edb00000,0x00000000edb00000)
  from space 1536K, 0% used [0x00000000edb00000,0x00000000edb00000,0x00000000edc80000)
  to   space 19456K, 0% used [0x00000000ef080000,0x00000000ef080000,0x00000000f0380000)
 ParOldGen       total 86016K, used 36757K [0x00000000c0000000, 0x00000000c5400000, 0x00000000eab00000)
  object space 86016K, 42% used [0x00000000c0000000,0x00000000c23e56a0,0x00000000c5400000)
 Metaspace       used 5982K, capacity 6960K, committed 7040K, reserved 1056768K
  class space    used 588K, capacity 616K, committed 640K, reserved 1048576K
Event: 35.626 GC heap after
Heap after GC invocations=8 (full 2):
 PSYoungGen      total 69120K, used 16868K [0x00000000eab00000, 0x00000000f1180000, 0x0000000100000000)
  eden space 49664K, 0% used [0x00000000eab00000,0x00000000eab00000,0x00000000edb80000)
  from space 19456K, 86% used [0x00000000ef080000,0x00000000f00f92d8,0x00000000f0380000)
  to   space 21504K, 0% used [0x00000000edb80000,0x00000000edb80000,0x00000000ef080000)
 ParOldGen       total 86016K, used 36765K [0x00000000c0000000, 0x00000000c5400000, 0x00000000eab00000)
  object space 86016K, 42% used [0x00000000c0000000,0x00000000c23e76a0,0x00000000c5400000)
 Metaspace       used 5982K, capacity 6960K, committed 7040K, reserved 1056768K
  class space    used 588K, capacity 616K, committed 640K, reserved 1048576K
}

