# JRE version: Java(TM) SE Runtime Environment (8.0_45-b15) (build 1.8.0_45-b15)
# Java VM: Java HotSpot(TM) 64-Bit Server VM (25.45-b02 mixed mode windows-amd64 compressed oops)
Heap:
 PSYoungGen      total 126464K, used 126378K [0x00000000eab00000, 0x00000000f6400000, 0x0000000100000000)
  eden space 107520K, 100% used [0x00000000eab00000,0x00000000f1400000,0x00000000f1400000)
  from space 18944K, 99% used [0x00000000f5180000,0x00000000f63eabe0,0x00000000f6400000)
  to   space 25600K, 21% used [0x00000000f3200000,0x00000000f3745450,0x00000000f4b00000)
 ParOldGen       total 62976K, used 36804K [0x00000000c0000000, 0x00000000c3d80000, 0x00000000eab00000)
  object space 62976K, 58% used [0x00000000c0000000,0x00000000c23f1108,0x00000000c3d80000)
 Metaspace       used 6532K, capacity 7256K, committed 7424K, reserved 1056768K
  class space    used 617K, capacity 656K, committed 768K, reserved 1048576K
GC Heap History (10 events):
Event: 8.442 GC heap before
{Heap before GC invocations=7 (full 0):
 PSYoungGen      total 55296K, used 54573K [0x00000000eab00000, 0x00000000eeb00000, 0x0000000100000000)
  eden space 48128K, 100% used [0x00000000eab00000,0x00000000eda00000,0x00000000eda00000)
  from space 7168K, 89% used [0x00000000ee200000,0x00000000ee84b460,0x00000000ee900000)
  to   space 8192K, 0% used [0x00000000eda00000,0x00000000eda00000,0x00000000ee200000)
 ParOldGen       total 31744K, used 11035K [0x00000000c0000000, 0x00000000c1f00000, 0x00000000eab00000)
  object space 31744K, 34% used [0x00000000c0000000,0x00000000c0ac6eb8,0x00000000c1f00000)
 Metaspace       used 6293K, capacity 7152K, committed 7296K, reserved 1056768K
  class space    used 596K, capacity 616K, committed 640K, reserved 1048576K
Event: 8.608 GC heap after
Heap after GC invocations=7 (full 0):
 PSYoungGen      total 56320K, used 8189K [0x00000000eab00000, 0x00000000f2000000, 0x0000000100000000)
  eden space 48128K, 0% used [0x00000000eab00000,0x00000000eab00000,0x00000000eda00000)
  from space 8192K, 99% used [0x00000000eda00000,0x00000000ee1ff480,0x00000000ee200000)
  to   space 11776K, 0% used [0x00000000f1480000,0x00000000f1480000,0x00000000f2000000)
 ParOldGen       total 31744K, used 15519K [0x00000000c0000000, 0x00000000c1f00000, 0x00000000eab00000)
  object space 31744K, 48% used [0x00000000c0000000,0x00000000c0f27f20,0x00000000c1f00000)
 Metaspace       used 6293K, capacity 7152K, committed 7296K, reserved 1056768K
  class space    used 596K, capacity 616K, committed 640K, reserved 1048576K
}
Event: 13.392 GC heap before
{Heap before GC invocations=8 (full 0):
 PSYoungGen      total 56320K, used 56317K [0x00000000eab00000, 0x00000000f2000000, 0x0000000100000000)
  eden space 48128K, 100% used [0x00000000eab00000,0x00000000eda00000,0x00000000eda00000)
  from space 8192K, 99% used [0x00000000eda00000,0x00000000ee1ff480,0x00000000ee200000)
  to   space 11776K, 0% used [0x00000000f1480000,0x00000000f1480000,0x00000000f2000000)
 ParOldGen       total 31744K, used 15519K [0x00000000c0000000, 0x00000000c1f00000, 0x00000000eab00000)
  object space 31744K, 48% used [0x00000000c0000000,0x00000000c0f27f20,0x00000000c1f00000)
 Metaspace       used 6343K, capacity 7152K, committed 7296K, reserved 1056768K
  class space    used 597K, capacity 616K, committed 640K, reserved 1048576K
Event: 13.556 GC heap after
Heap after GC invocations=8 (full 0):
 PSYoungGen      total 103936K, used 11772K [0x00000000eab00000, 0x00000000f2800000, 0x0000000100000000)
  eden space 92160K, 0% used [0x00000000eab00000,0x00000000eab00000,0x00000000f0500000)
  from space 11776K, 99% used [0x00000000f1480000,0x00000000f1fff2d0,0x00000000f2000000)
  to   space 15872K, 0% used [0x00000000f0500000,0x00000000f0500000,0x00000000f1480000)
 ParOldGen       total 31744K, used 19330K [0x00000000c0000000, 0x00000000c1f00000, 0x00000000eab00000)
  object space 31744K, 60% used [0x00000000c0000000,0x00000000c12e0bb0,0x00000000c1f00000)
 Metaspace       used 6343K, capacity 7152K, committed 7296K, reserved 1056768K
  class space    used 597K, capacity 616K, committed 640K, reserved 1048576K
}
Event: 19.282 GC heap before
{Heap before GC invocations=9 (full 0):
 PSYoungGen      total 103936K, used 103932K [0x00000000eab00000, 0x00000000f2800000, 0x0000000100000000)
  eden space 92160K, 100% used [0x00000000eab00000,0x00000000f0500000,0x00000000f0500000)
  from space 11776K, 99% used [0x00000000f1480000,0x00000000f1fff2d0,0x00000000f2000000)
  to   space 15872K, 0% used [0x00000000f0500000,0x00000000f0500000,0x00000000f1480000)
 ParOldGen       total 31744K, used 19330K [0x00000000c0000000, 0x00000000c1f00000, 0x00000000eab00000)
  object space 31744K, 60% used [0x00000000c0000000,0x00000000c12e0bb0,0x00000000c1f00000)
 Metaspace       used 6506K, capacity 7256K, committed 7424K, reserved 1056768K
  class space    used 617K, capacity 656K, committed 768K, reserved 1048576K
Event: 19.529 GC heap after
Heap after GC invocations=9 (full 0):
 PSYoungGen      total 108032K, used 15845K [0x00000000eab00000, 0x00000000f6800000, 0x0000000100000000)
  eden space 92160K, 0% used [0x00000000eab00000,0x00000000eab00000,0x00000000f0500000)
  from space 15872K, 99% used [0x00000000f0500000,0x00000000f14795e0,0x00000000f1480000)
  to   space 23040K, 0% used [0x00000000f5180000,0x00000000f5180000,0x00000000f6800000)
 ParOldGen       total 31744K, used 30931K [0x00000000c0000000, 0x00000000c1f00000, 0x00000000eab00000)
  object space 31744K, 97% used [0x00000000c0000000,0x00000000c1e34f20,0x00000000c1f00000)
 Metaspace       used 6506K, capacity 7256K, committed 7424K, reserved 1056768K
  class space    used 617K, capacity 656K, committed 768K, reserved 1048576K
}
Event: 19.529 GC heap before
{Heap before GC invocations=10 (full 1):
 PSYoungGen      total 108032K, used 15845K [0x00000000eab00000, 0x00000000f6800000, 0x0000000100000000)
  eden space 92160K, 0% used [0x00000000eab00000,0x00000000eab00000,0x00000000f0500000)
  from space 15872K, 99% used [0x00000000f0500000,0x00000000f14795e0,0x00000000f1480000)
  to   space 23040K, 0% used [0x00000000f5180000,0x00000000f5180000,0x00000000f6800000)
 ParOldGen       total 31744K, used 30931K [0x00000000c0000000, 0x00000000c1f00000, 0x00000000eab00000)
  object space 31744K, 97% used [0x00000000c0000000,0x00000000c1e34f20,0x00000000c1f00000)
 Metaspace       used 6506K, capacity 7256K, committed 7424K, reserved 1056768K
  class space    used 617K, capacity 656K, committed 768K, reserved 1048576K
Event: 24.847 GC heap after
Heap after GC invocations=10 (full 1):
 PSYoungGen      total 108032K, used 10689K [0x00000000eab00000, 0x00000000f6800000, 0x0000000100000000)
  eden space 92160K, 0% used [0x00000000eab00000,0x00000000eab00000,0x00000000f0500000)
  from space 15872K, 67% used [0x00000000f0500000,0x00000000f0f70608,0x00000000f1480000)
  to   space 23040K, 0% used [0x00000000f5180000,0x00000000f5180000,0x00000000f6800000)
 ParOldGen       total 62976K, used 31543K [0x00000000c0000000, 0x00000000c3d80000, 0x00000000eab00000)
  object space 62976K, 50% used [0x00000000c0000000,0x00000000c1ecdd30,0x00000000c3d80000)
 Metaspace       used 6506K, capacity 7256K, committed 7424K, reserved 1056768K
  class space    used 617K, capacity 656K, committed 768K, reserved 1048576K
}
Event: 36.316 GC heap before
{Heap before GC invocations=11 (full 1):
 PSYoungGen      total 108032K, used 102849K [0x00000000eab00000, 0x00000000f6800000, 0x0000000100000000)
  eden space 92160K, 100% used [0x00000000eab00000,0x00000000f0500000,0x00000000f0500000)
  from space 15872K, 67% used [0x00000000f0500000,0x00000000f0f70608,0x00000000f1480000)
  to   space 23040K, 0% used [0x00000000f5180000,0x00000000f5180000,0x00000000f6800000)
 ParOldGen       total 62976K, used 31543K [0x00000000c0000000, 0x00000000c3d80000, 0x00000000eab00000)
  object space 62976K, 50% used [0x00000000c0000000,0x00000000c1ecdd30,0x00000000c3d80000)
 Metaspace       used 6521K, capacity 7256K, committed 7424K, reserved 1056768K
  class space    used 617K, capacity 656K, committed 768K, reserved 1048576K
Event: 39.208 GC heap after
Heap after GC invocations=11 (full 1):
 PSYoungGen      total 126464K, used 18858K [0x00000000eab00000, 0x00000000f6400000, 0x0000000100000000)
  eden space 107520K, 0% used [0x00000000eab00000,0x00000000eab00000,0x00000000f1400000)
  from space 18944K, 99% used [0x00000000f5180000,0x00000000f63eabe0,0x00000000f6400000)
  to   space 25600K, 0% used [0x00000000f3200000,0x00000000f3200000,0x00000000f4b00000)
 ParOldGen       total 62976K, used 36804K [0x00000000c0000000, 0x00000000c3d80000, 0x00000000eab00000)
  object space 62976K, 58% used [0x00000000c0000000,0x00000000c23f1108,0x00000000c3d80000)
 Metaspace       used 6521K, capacity 7256K, committed 7424K, reserved 1056768K
  class space    used 617K, capacity 656K, committed 768K, reserved 1048576K
}

